0 info it worked if it ends with ok
1 verbose cli [ '/nix/store/9vkhrpycs37cl5i8pywqkdz22773bybf-nodejs-0.10.38/bin/node',
1 verbose cli   '/mnt/shared/sbin/npm',
1 verbose cli   'install',
1 verbose cli   '--global',
1 verbose cli   'bower,',
1 verbose cli   'gulp' ]
2 info using npm@1.4.28
3 info using node@v0.10.28
4 verbose cache add [ 'bower,', null ]
5 verbose cache add name=undefined spec="bower," args=["bower,",null]
6 verbose parsed url { protocol: null,
6 verbose parsed url   slashes: null,
6 verbose parsed url   auth: null,
6 verbose parsed url   host: null,
6 verbose parsed url   port: null,
6 verbose parsed url   hostname: null,
6 verbose parsed url   hash: null,
6 verbose parsed url   search: null,
6 verbose parsed url   query: null,
6 verbose parsed url   pathname: 'bower,',
6 verbose parsed url   path: 'bower,',
6 verbose parsed url   href: 'bower,' }
7 verbose cache add [ 'gulp', null ]
8 verbose cache add name=undefined spec="gulp" args=["gulp",null]
9 verbose parsed url { protocol: null,
9 verbose parsed url   slashes: null,
9 verbose parsed url   auth: null,
9 verbose parsed url   host: null,
9 verbose parsed url   port: null,
9 verbose parsed url   hostname: null,
9 verbose parsed url   hash: null,
9 verbose parsed url   search: null,
9 verbose parsed url   query: null,
9 verbose parsed url   pathname: 'gulp',
9 verbose parsed url   path: 'gulp',
9 verbose parsed url   href: 'gulp' }
10 silly lockFile cfd55d96-bower bower,
11 verbose lock bower, /home/ubuntu/.npm/cfd55d96-bower.lock
12 silly lockFile 9750c68d-gulp gulp
13 verbose lock gulp /home/ubuntu/.npm/9750c68d-gulp.lock
14 silly lockFile cfd55d96-bower bower,
15 silly lockFile cfd55d96-bower bower,
16 silly lockFile 9750c68d-gulp gulp
17 silly lockFile 9750c68d-gulp gulp
18 verbose addNamed [ 'bower,', '' ]
19 verbose addNamed [ null, '*' ]
20 silly lockFile 51fe0743-bower bower,@
21 verbose lock bower,@ /home/ubuntu/.npm/51fe0743-bower.lock
22 verbose addNamed [ 'gulp', '' ]
23 verbose addNamed [ null, '*' ]
24 silly lockFile 72f4391e-gulp gulp@
25 verbose lock gulp@ /home/ubuntu/.npm/72f4391e-gulp.lock
26 silly addNameRange { name: 'bower,', range: '*', hasData: false }
27 verbose request where is /bower,
28 verbose request registry https://registry.npmjs.org/
29 verbose request id 69e3a292c5f7ad01
30 verbose url raw /bower,
31 verbose url resolving [ 'https://registry.npmjs.org/', './bower%2C' ]
32 verbose url resolved https://registry.npmjs.org/bower%2C
33 verbose request where is https://registry.npmjs.org/bower%2C
34 info trying registry request attempt 1 at 16:45:59
35 http GET https://registry.npmjs.org/bower%2C
36 silly addNameRange { name: 'gulp', range: '*', hasData: false }
37 verbose request where is /gulp
38 verbose request registry https://registry.npmjs.org/
39 verbose url raw /gulp
40 verbose url resolving [ 'https://registry.npmjs.org/', './gulp' ]
41 verbose url resolved https://registry.npmjs.org/gulp
42 verbose request where is https://registry.npmjs.org/gulp
43 info trying registry request attempt 1 at 16:45:59
44 http GET https://registry.npmjs.org/gulp
45 http 200 https://registry.npmjs.org/gulp
46 silly registry.get cb [ 200,
46 silly registry.get   { server: 'CouchDB/1.5.0 (Erlang OTP/R16B03)',
46 silly registry.get     etag: '"5MRS61IA37TZ0D0UAPXP4V9WI"',
46 silly registry.get     'content-type': 'application/json',
46 silly registry.get     'content-encoding': 'gzip',
46 silly registry.get     'cache-control': 'max-age=300',
46 silly registry.get     'content-length': '18309',
46 silly registry.get     'accept-ranges': 'bytes',
46 silly registry.get     date: 'Thu, 26 May 2016 16:45:59 GMT',
46 silly registry.get     via: '1.1 varnish',
46 silly registry.get     age: '105',
46 silly registry.get     connection: 'keep-alive',
46 silly registry.get     'x-served-by': 'cache-dfw1837-DFW',
46 silly registry.get     'x-cache': 'HIT',
46 silly registry.get     'x-cache-hits': '2',
46 silly registry.get     'x-timer': 'S1464281159.283621,VS0,VE0',
46 silly registry.get     vary: 'Accept-Encoding' } ]
47 silly addNameRange number 2 { name: 'gulp', range: '*', hasData: true }
48 silly addNameRange versions [ 'gulp',
48 silly addNameRange   [ '0.0.1',
48 silly addNameRange     '0.0.2',
48 silly addNameRange     '0.0.3',
48 silly addNameRange     '0.0.4',
48 silly addNameRange     '0.0.5',
48 silly addNameRange     '0.0.7',
48 silly addNameRange     '0.0.8',
48 silly addNameRange     '0.0.9',
48 silly addNameRange     '0.1.0',
48 silly addNameRange     '0.2.0',
48 silly addNameRange     '1.0.0',
48 silly addNameRange     '1.1.0',
48 silly addNameRange     '1.2.0',
48 silly addNameRange     '1.2.1',
48 silly addNameRange     '2.0.0',
48 silly addNameRange     '2.0.1',
48 silly addNameRange     '2.1.0',
48 silly addNameRange     '2.2.0',
48 silly addNameRange     '2.3.0',
48 silly addNameRange     '2.4.0',
48 silly addNameRange     '2.4.1',
48 silly addNameRange     '2.6.0',
48 silly addNameRange     '2.6.1',
48 silly addNameRange     '2.7.0',
48 silly addNameRange     '3.0.0',
48 silly addNameRange     '3.1.1',
48 silly addNameRange     '3.1.2',
48 silly addNameRange     '3.1.3',
48 silly addNameRange     '3.1.4',
48 silly addNameRange     '3.2.0',
48 silly addNameRange     '3.2.1',
48 silly addNameRange     '3.2.2',
48 silly addNameRange     '3.2.3',
48 silly addNameRange     '3.2.4',
48 silly addNameRange     '3.2.5',
48 silly addNameRange     '3.3.0',
48 silly addNameRange     '3.3.1',
48 silly addNameRange     '3.3.2',
48 silly addNameRange     '3.3.4',
48 silly addNameRange     '3.4.0',
48 silly addNameRange     '3.5.0',
48 silly addNameRange     '3.5.1',
48 silly addNameRange     '3.5.2',
48 silly addNameRange     '3.5.5',
48 silly addNameRange     '3.5.6',
48 silly addNameRange     '3.6.0',
48 silly addNameRange     '3.6.1',
48 silly addNameRange     '3.6.2',
48 silly addNameRange     '3.7.0',
48 silly addNameRange     '3.8.0',
48 silly addNameRange     '3.8.1',
48 silly addNameRange     '3.8.2',
48 silly addNameRange     '3.8.3',
48 silly addNameRange     '3.8.4',
48 silly addNameRange     '3.8.5',
48 silly addNameRange     '3.8.6',
48 silly addNameRange     '3.8.7',
48 silly addNameRange     '3.8.8',
48 silly addNameRange     '3.8.9',
48 silly addNameRange     '3.8.10',
48 silly addNameRange     '3.8.11',
48 silly addNameRange     '3.9.0',
48 silly addNameRange     '3.9.1' ] ]
49 verbose addNamed [ 'gulp', '3.9.1' ]
50 verbose addNamed [ '3.9.1', '3.9.1' ]
51 silly lockFile d9f1ef79-gulp-3-9-1 gulp@3.9.1
52 verbose lock gulp@3.9.1 /home/ubuntu/.npm/d9f1ef79-gulp-3-9-1.lock
53 silly lockFile d95592da-ry-npmjs-org-gulp-gulp-3-9-1-tgz https://registry.npmjs.org/gulp/-/gulp-3.9.1.tgz
54 verbose lock https://registry.npmjs.org/gulp/-/gulp-3.9.1.tgz /home/ubuntu/.npm/d95592da-ry-npmjs-org-gulp-gulp-3-9-1-tgz.lock
55 verbose addRemoteTarball [ 'https://registry.npmjs.org/gulp/-/gulp-3.9.1.tgz',
55 verbose addRemoteTarball   '571ce45928dd40af6514fc4011866016c13845b4' ]
56 info retry fetch attempt 1 at 16:45:59
57 verbose fetch to= /tmp/npm-27810-tC0YGz01/registry.npmjs.org/gulp/-/gulp-3.9.1.tgz
58 http GET https://registry.npmjs.org/gulp/-/gulp-3.9.1.tgz
59 http 404 https://registry.npmjs.org/bower%2C
60 silly registry.get cb [ 404,
60 silly registry.get   { 'content-type': 'application/json',
60 silly registry.get     'cache-control': 'max-age=0',
60 silly registry.get     'content-length': '2',
60 silly registry.get     'accept-ranges': 'bytes',
60 silly registry.get     date: 'Thu, 26 May 2016 16:45:59 GMT',
60 silly registry.get     via: '1.1 varnish',
60 silly registry.get     age: '0',
60 silly registry.get     connection: 'keep-alive',
60 silly registry.get     'x-served-by': 'cache-dfw1828-DFW',
60 silly registry.get     'x-cache': 'MISS',
60 silly registry.get     'x-cache-hits': '0',
60 silly registry.get     'x-timer': 'S1464281159.280061,VS0,VE66',
60 silly registry.get     vary: 'Accept-Encoding' } ]
61 silly lockFile 51fe0743-bower bower,@
62 silly lockFile 51fe0743-bower bower,@
63 http 200 https://registry.npmjs.org/gulp/-/gulp-3.9.1.tgz
64 silly lockFile d95592da-ry-npmjs-org-gulp-gulp-3-9-1-tgz https://registry.npmjs.org/gulp/-/gulp-3.9.1.tgz
65 silly lockFile d95592da-ry-npmjs-org-gulp-gulp-3-9-1-tgz https://registry.npmjs.org/gulp/-/gulp-3.9.1.tgz
66 silly lockFile d9f1ef79-gulp-3-9-1 gulp@3.9.1
67 silly lockFile d9f1ef79-gulp-3-9-1 gulp@3.9.1
68 silly lockFile 72f4391e-gulp gulp@
69 silly lockFile 72f4391e-gulp gulp@
70 error 404 Not Found
70 error 404
70 error 404 'bower,' is not in the npm registry.
70 error 404 You should bug the author to publish it
70 error 404
70 error 404 Note that you can also install from a
70 error 404 tarball, folder, or http url, or git url.
71 error System Linux 4.2.0-c9
72 error command "/nix/store/9vkhrpycs37cl5i8pywqkdz22773bybf-nodejs-0.10.38/bin/node" "/mnt/shared/sbin/npm" "install" "--global" "bower," "gulp"
73 error cwd /home/ubuntu/workspace/richiksc.github.io
74 error node -v v0.10.28
75 error npm -v 1.4.28
76 error code E404
77 verbose exit [ 1, true ]
